<?xml version="1.0" encoding="UTF-8"?>
<!-- Generated by org.testng.reporters.JUnitXMLReporter -->
<testsuite ignored="0" hostname="DESKTOP-BUON8F4" failures="1" tests="1" name="FirefoxTest" time="15.389" errors="0" timestamp="2025-02-20T16:44:02 IST">
  <testcase classname="testCases.RegistrationTest" name="verify_registration" time="1.884">
    <failure type="java.lang.AssertionError" message="null">
      <![CDATA[java.lang.AssertionError: null
at testCases.RegistrationTest.verify_registration(RegistrationTest.java:51)
at java.base/java.util.ArrayList.forEach(ArrayList.java:1511)
... Removed 29 stack frames]]>
    </failure>
  </testcase> <!-- verify_registration -->
</testsuite> <!-- FirefoxTest -->
